C51 COMPILER V9.56.0.0   MAIN                                                              04/15/2018 18:01:26 PAGE 1   


C51 COMPILER V9.56.0.0, COMPILATION OF MODULE MAIN
OBJECT MODULE PLACED IN .\Objects\MAIN.obj
COMPILER INVOKED BY: D:\Keil_v5\C51\BIN\C51.EXE MAIN.c OPTIMIZE(8,SPEED) BROWSE DEBUG OBJECTEXTEND PRINT(.\Listings\MAIN
                    -.lst) OBJECT(.\Objects\MAIN.obj)

line level    source

   1          #include <STC12C5A60S2.h>
   2          #include "delay.h"
   3          #include "oled.h"
   4          #include "pwm.h"
   5          #include "uart.h"
   6          #define uchar unsigned char
   7          #define uint unsigned int
   8          
   9          #define DOWN 0
  10          #define UP 1
  11          #define WARNING 2
  12          #define NOW 3
  13          #define SPEED 4
  14          #define STATE 5
  15          #define DIR 6
  16          #define NEXT 7
  17          #define STOP 0
  18          #define RUN 1
  19          
  20          sbit up1= P2^1;
  21          sbit up2= P0^6;
  22          sbit up3= P0^4;
  23          sbit up4= P0^2;
  24          
  25          sbit down2= P2^3;
  26          sbit down3= P2^5;
  27          sbit down4= P2^7;
  28          sbit down5= P0^0;
  29          
  30          sbit led_up1= P2^0;
  31          sbit led_up2= P0^7;
  32          sbit led_up3= P0^5;
  33          sbit led_up4= P0^3;
  34          
  35          sbit led_down2= P2^2;
  36          sbit led_down3= P2^4;
  37          sbit led_down4= P2^6;
  38          sbit led_down5= P0^1;
  39          
  40          sbit r_warning= P3^2;
  41          sbit led_warning = P3^3;
  42          sbit buzzer=P3^7;
  43          
  44          sbit red= P3^4;
  45          sbit green=P3^5;
  46          sbit led = P1^0;
  47          uchar get[2];
  48          uchar get_index=0;
  49          
  50          uchar now_floor=0;
  51          uchar next_floor=0;
  52          
  53          uchar ele_state;
  54          uchar ele_dir;
C51 COMPILER V9.56.0.0   MAIN                                                              04/15/2018 18:01:26 PAGE 2   

  55          
  56          void KeyScan();
  57          void Show();
  58          void Init();
  59          void main()
  60          {
  61   1              Init();
  62   1              ASet(0xff);
  63   1              BSet(0xff);
  64   1              while (1)
  65   1              {
  66   2                      if (ele_state == STOP)
  67   2                      {
  68   3                              OLED_ShowNum(0,5,0,1,16);//下降
  69   3                              
  70   3                              ASet(0xff);
  71   3                              BSet(0xff);
  72   3              
  73   3                      }
  74   2                      else 
  75   2                      {
  76   3                              OLED_ShowNum(0,5,1,1,16);//上升
  77   3                      }
  78   2                      switch(now_floor)
  79   2                      {
  80   3                              case 1:led_up1=0;break;
  81   3                              case 2:led_up2=0; led_down2=0;break;
  82   3                              case 3:led_up3=0; led_down3=0;break;
  83   3                              case 4:led_up4=0; led_down4=0;break;
  84   3                              case 5:led_down5=0;break;
  85   3                      }
  86   2                      KeyScan();
  87   2                      Show();
  88   2              }
  89   1      }
  90          
  91          
  92          
  93          void uart_isr() interrupt 4     //接收
  94          {
  95   1              if (RI)
  96   1              {
  97   2                      RI = 0;
  98   2                      get[get_index++] = SBUF;
  99   2                      if (get_index == 2)
 100   2                              get_index = 0;
 101   2              }
 102   1      
 103   1              if (get[0] == WARNING)
 104   1              {
 105   2                      led_warning = 1;
 106   2                      while(1)
 107   2                      {
 108   3                              if (!r_warning)
 109   3                              {
 110   4                                      Delay1ms();
 111   4                                      if (!r_warning)
 112   4                                      {
 113   5                                              led_warning = 0;
 114   5                                              while(!r_warning);
 115   5                                              break; 
 116   5                                      }
C51 COMPILER V9.56.0.0   MAIN                                                              04/15/2018 18:01:26 PAGE 3   

 117   4                              }
 118   3                      }
 119   2              }
 120   1              else if (get[0] == NOW)
 121   1              {
 122   2                      now_floor = get[1];
 123   2              }
 124   1              else if (get[0] == DIR)
 125   1              {
 126   2                      ele_dir = get[1];
 127   2              }
 128   1              else if (get[0] == NEXT)
 129   1              {
 130   2                      next_floor = get[1];
 131   2              }
 132   1              else if (get[0] == STATE)
 133   1              {
 134   2                      ele_state = get[1];
 135   2              }
 136   1              else if (get[0] == UP)
 137   1              {
 138   2                      if (ele_state == STOP)
 139   2                      {
 140   3                              ASet(0xff);
 141   3                              BSet(0xff);
 142   3                      }
 143   2                      else
 144   2                      {
 145   3                              ASet(get[1]);
 146   3                              BSet(0xff);
 147   3                      }
 148   2              }
 149   1              else if (get[0] == DOWN)
 150   1              {
 151   2                      if (ele_state == STOP)
 152   2                      {
 153   3                              ASet(0xff);
 154   3                              BSet(0xff);
 155   3                      }
 156   2                      else
 157   2                      {
 158   3                              ASet(0xff);
 159   3                              BSet(get[1]);
 160   3                      }
 161   2              }
 162   1      }
 163          
 164          void Init()
 165          {
 166   1              led_up1= 0;
 167   1              led_up2= 0;
 168   1              led_up3= 0;
 169   1              led_up4= 0;
 170   1      
 171   1              led_down2= 0;
 172   1              led_down3= 0;
 173   1              led_down4= 0;
 174   1              led_down5= 0;
 175   1              
 176   1              green= 0;
 177   1              red=0;
 178   1              led_warning = 0;
C51 COMPILER V9.56.0.0   MAIN                                                              04/15/2018 18:01:26 PAGE 4   

 179   1              
 180   1              UartInit();
 181   1              PwmInit();
 182   1              OLED_Init();
 183   1              OLED_Clear();
 184   1      }
 185          void Show()
 186          {
 187   1              //楼层 num
 188   1              OLED_ShowCHinese(0,0,0);
 189   1              OLED_ShowCHinese(18,0,1);
 190   1              OLED_ShowNum(38,0,now_floor,1,16);
 191   1              
 192   1      
 193   1              //箭头
 194   1                      if (ele_dir == UP)
 195   1                              OLED_ShowCHinese(80,5,5);
 196   1                      else if (ele_dir == DOWN)
 197   1                              OLED_ShowCHinese(80,5,6);
 198   1              
 199   1              //红绿灯
 200   1              if (ele_state == STOP)
 201   1              {
 202   2                      green = 1;
 203   2                      red = 0;
 204   2              }
 205   1              else if (ele_state == RUN)
 206   1              {
 207   2                      red = 1;
 208   2                      green = 0;
 209   2              }
 210   1      }
 211          
 212          void KeyScan()
 213          {
 214   1              
 215   1              if (!up1)
 216   1              {
 217   2                      Delay1ms();
 218   2                      if (!up1)
 219   2                      {
 220   3                              led_up1 = 1;
 221   3                              SendChar(11);
 222   3                              while(!up1);
 223   3                      }
 224   2              }
 225   1              if (!up2)
 226   1              {
 227   2                      Delay1ms();
 228   2                      if (!up2)
 229   2                      {
 230   3                              led_up2 = 1;
 231   3                              SendChar(12);
 232   3                              while(!up2);
 233   3                      }
 234   2              }
 235   1              if (!up3)
 236   1              {
 237   2                      Delay1ms();
 238   2                      if (!up3)
 239   2                      {
 240   3                              led_up3 = 1;
C51 COMPILER V9.56.0.0   MAIN                                                              04/15/2018 18:01:26 PAGE 5   

 241   3                              SendChar(13);
 242   3                              while(!up3);
 243   3                      }
 244   2              }
 245   1              if (!up4)
 246   1              {
 247   2                      Delay1ms();
 248   2                      if (!up4)
 249   2                      {
 250   3                              led_up4 = 1;
 251   3                              SendChar(14);
 252   3                              while(!up4);
 253   3                      }
 254   2              }
 255   1              
 256   1              if (!down2)
 257   1              {
 258   2                      Delay1ms();
 259   2                      if (!down2)
 260   2                      {
 261   3                              led_down2 = 1;
 262   3                              SendChar(2);
 263   3                              while(!down2);
 264   3                      }
 265   2              }
 266   1              if (!down3)
 267   1              {
 268   2                      Delay1ms();
 269   2                      if (!down3)
 270   2                      {
 271   3                              led_down3 = 1;
 272   3                              SendChar(3);
 273   3                              while(!down3);
 274   3                      }
 275   2              }
 276   1              if (!down4)
 277   1              {
 278   2                      Delay1ms();
 279   2                      if (!down4)
 280   2                      {
 281   3                              led_down4 = 1;
 282   3                              SendChar(4);
 283   3                              while(!down4);
 284   3                      }
 285   2              }
 286   1              if (!down5)
 287   1              {
 288   2                      Delay1ms();
 289   2                      if (!down5)
 290   2                      {
 291   3                              led_down5 = 1;
 292   3                              SendChar(5);
 293   3                              while(!down5);
 294   3                      }
 295   2              } 
 296   1      }


MODULE INFORMATION:   STATIC OVERLAYABLE
   CODE SIZE        =    557    ----
   CONSTANT SIZE    =   ----    ----
   XDATA SIZE       =   ----    ----
C51 COMPILER V9.56.0.0   MAIN                                                              04/15/2018 18:01:26 PAGE 6   

   PDATA SIZE       =   ----    ----
   DATA SIZE        =      7    ----
   IDATA SIZE       =   ----    ----
   BIT SIZE         =   ----    ----
END OF MODULE INFORMATION.


C51 COMPILATION COMPLETE.  0 WARNING(S),  0 ERROR(S)
