C51 COMPILER V9.56.0.0   UART                                                              04/15/2018 18:01:26 PAGE 1   


C51 COMPILER V9.56.0.0, COMPILATION OF MODULE UART
OBJECT MODULE PLACED IN .\Objects\uart.obj
COMPILER INVOKED BY: D:\Keil_v5\C51\BIN\C51.EXE uart.c OPTIMIZE(8,SPEED) BROWSE DEBUG OBJECTEXTEND PRINT(.\Listings\uart
                    -.lst) OBJECT(.\Objects\uart.obj)

line level    source

   1          #include <STC12C5A60S2.h>
   2          #include "uart.h"
   3          
   4          //bit get9;
   5          void UartInit()
   6          {
   7   1              //不用PCON的SMOD 不加倍
   8   1      
   9   1              /*SCON八位数据 如果用第九位设置成d0--(为了蓝牙推荐设置成50)*/
  10   1              SCON |= 0x50; //设置模式1 允许接收 禁止多机
  11   1              AUXR |= 0X11;//使用独立波特率 12分频
  12   1              //装初值 公式：
  13   1              //RELOAD = 256-(INT)(SYSclk/Baud0/32/T*2^SOMD+0.5)
  14   1              BRT=0Xfd;
  15   1              EA = 1; //总中断
  16   1              ES = 1; //串口中断 用来接收数据
  17   1      }
  18          void SendChar(unsigned char dat)
  19          {
  20   1              SBUF = dat;             //送SBUF
  21   1              while(!TI);             //等待送完
  22   1          TI = 0;
  23   1      }
  24          void SendStr(unsigned char *s)
  25          {
  26   1              while(*s != '\0')         
  27   1              {
  28   2                      SendChar(*s);
  29   2                      s++;
  30   2              }
  31   1      }


MODULE INFORMATION:   STATIC OVERLAYABLE
   CODE SIZE        =     41    ----
   CONSTANT SIZE    =   ----    ----
   XDATA SIZE       =   ----    ----
   PDATA SIZE       =   ----    ----
   DATA SIZE        =   ----    ----
   IDATA SIZE       =   ----    ----
   BIT SIZE         =   ----    ----
END OF MODULE INFORMATION.


C51 COMPILATION COMPLETE.  0 WARNING(S),  0 ERROR(S)
