C51 COMPILER V9.56.0.0   INITALL                                                           04/13/2018 14:19:04 PAGE 1   


C51 COMPILER V9.56.0.0, COMPILATION OF MODULE INITALL
OBJECT MODULE PLACED IN .\Objects\initall.obj
COMPILER INVOKED BY: D:\Keil_v5\C51\BIN\C51.EXE initall.c OPTIMIZE(8,SPEED) BROWSE DEBUG OBJECTEXTEND PRINT(.\Listings\i
                    -nitall.lst) OBJECT(.\Objects\initall.obj)

line level    source

   1          #include "initall.h"
   2          #include "oled.h"
   3          #include "uart.h"
   4          #include "def.h"
   5          struct _floor{          
   6                  uchar push;                     
   7                  uchar direction;        
   8          };
   9          extern struct _floor floor[6];
  10          void Init()     //初始化
  11          {
  12   1              FloorInit();    //floor结构体初始化
  13   1              UartInit();             //串口初始化
  14   1              OLED_Init();    //oled初始化
  15   1              OLED_Clear();   
  16   1              T1Init();               //T1初始化
  17   1      }
  18          
  19          void T1Init()
  20          {
  21   1              TMOD |= 0x10;
  22   1              EA = 1;
  23   1              ET1 = 1;
  24   1              TH1 = 0x3C;
  25   1          TL1 = 0xB0;
  26   1              TR1 = 1;
  27   1      }
  28          
  29          void FloorInit()
  30          {
  31   1              unsigned char i;
  32   1              for (i=0; i<=5; i++)
  33   1              {
  34   2                      floor[i].push = FALSE;
  35   2                      floor[i].direction = DOWN;
  36   2              }
  37   1      }


MODULE INFORMATION:   STATIC OVERLAYABLE
   CODE SIZE        =     54    ----
   CONSTANT SIZE    =   ----    ----
   XDATA SIZE       =   ----    ----
   PDATA SIZE       =   ----    ----
   DATA SIZE        =   ----    ----
   IDATA SIZE       =   ----    ----
   BIT SIZE         =   ----    ----
END OF MODULE INFORMATION.


C51 COMPILATION COMPLETE.  0 WARNING(S),  0 ERROR(S)
