C51 COMPILER V9.56.0.0   SHOWALL                                                           04/13/2018 16:09:34 PAGE 1   


C51 COMPILER V9.56.0.0, COMPILATION OF MODULE SHOWALL
OBJECT MODULE PLACED IN .\Objects\showall.obj
COMPILER INVOKED BY: D:\Keil_v5\C51\BIN\C51.EXE showall.c OPTIMIZE(8,SPEED) BROWSE DEBUG OBJECTEXTEND PRINT(.\Listings\s
                    -howall.lst) OBJECT(.\Objects\showall.obj)

line level    source

   1          #include "showall.h"
   2          #include "oled.h"
   3          #include "def.h"
   4          extern unsigned char ele_dir,ele_state,now_floor;
   5          
   6          void ShowWelcome()
   7          {
   8   1              /*---------------
   9   1              | 装X如风电梯!     |  
  10   1              |               |
  11   1              | 楼层：n   ↓/↑  |       
  12   1              ---------------*/
  13   1              OLED_ShowCHinese(4,0,4);
  14   1              OLED_ShowChar(24,0,'X');
  15   1              OLED_ShowCHinese(37,0,5);
  16   1              OLED_ShowCHinese(55,0,6);
  17   1              OLED_ShowCHinese(73,0,7);
  18   1              OLED_ShowCHinese(91,0,8);
  19   1              OLED_ShowCHinese(109,0,9);
  20   1              
  21   1              OLED_ShowCHinese(5,4,10);
  22   1              OLED_ShowCHinese(23,4,11);
  23   1      }
  24          
  25          void ShowFloor()
  26          {
  27   1              OLED_ShowNum(50,4,now_floor,1,16);
  28   1              if (ele_state == RUN)
  29   1              {
  30   2                      if (ele_dir == UP)
  31   2                              OLED_ShowCHinese(100,4,12);     
  32   2                      else if (ele_dir == DOWN)
  33   2                              OLED_ShowCHinese(100,4,13);
  34   2              }
  35   1              else if (ele_state == STOP)
  36   1              {
  37   2                      OLED_ShowChar(100,4,'-');
  38   2              }
  39   1      }
  40          
  41          void Show()
  42          {
  43   1              ShowWelcome();  //显示欢迎界面
  44   1              ShowFloor();    //显示楼层
  45   1      }


MODULE INFORMATION:   STATIC OVERLAYABLE
   CODE SIZE        =    147    ----
   CONSTANT SIZE    =   ----    ----
   XDATA SIZE       =   ----    ----
   PDATA SIZE       =   ----    ----
   DATA SIZE        =   ----    ----
   IDATA SIZE       =   ----    ----
C51 COMPILER V9.56.0.0   SHOWALL                                                           04/13/2018 16:09:34 PAGE 2   

   BIT SIZE         =   ----    ----
END OF MODULE INFORMATION.


C51 COMPILATION COMPLETE.  0 WARNING(S),  0 ERROR(S)
